

Microchip MPLAB XC8 Assembler V2.50 build 20240725155939 
                                                                                                           Mon Mar 16 17:03:45 2026


     1                           	processor	16F1778
     2                           	pagewidth 132
     3                           	psect	code,global,class=CODE,space=0,delta=2
     4                           	psect	powerup,global,class=CODE,space=0,delta=2
     5                           	psect	reset_vec,global,class=CODE,space=0,delta=2
     6                           	psect	maintext,global,class=CODE,space=0,delta=2
     7                           	psect	eeprom_data,global,class=EEDATA,space=3,delta=2,noexec
     8                           	psect	strings,global,reloc=256,class=CODE,space=0,delta=2
     9                           	psect	intentry,global,class=CODE,space=0,delta=2
    10                           	psect	sivt,global,class=CODE,space=0,delta=2
    11                           	psect	functab,global,class=ENTRY,space=0,delta=2
    12                           	psect	init,global,class=CODE,space=0,delta=2
    13                           	psect	cinit,global,class=CODE,space=0,delta=2
    14                           	psect	text,global,class=CODE,space=0,delta=2
    15                           	psect	end_init,global,class=CODE,space=0,delta=2
    16                           	psect	clrtext,global,class=CODE,space=0,delta=2
    17                           	psect	stack,global,class=STACK,space=2,delta=1,noexec
    18                           	psect	heap,global,class=HEAP,space=7,delta=1,noexec
    19                           	psect	common,global,class=COMMON,space=1,delta=1
    20                           	psect	bank0,global,class=BANK0,space=1,delta=1
    21                           	psect	bank1,global,class=BANK1,space=1,delta=1
    22                           	psect	bank2,global,class=BANK2,space=1,delta=1
    23                           	psect	bank3,global,class=BANK3,space=1,delta=1
    24                           	psect	bank4,global,class=BANK4,space=1,delta=1
    25                           	psect	bank5,global,class=BANK5,space=1,delta=1
    26                           	psect	bank6,global,class=BANK6,space=1,delta=1
    27                           	psect	bank7,global,class=BANK7,space=1,delta=1
    28                           	psect	bank8,global,class=BANK8,space=1,delta=1
    29                           	psect	bank9,global,class=BANK9,space=1,delta=1
    30                           	psect	bank10,global,class=BANK10,space=1,delta=1
    31                           	psect	bank11,global,class=BANK11,space=1,delta=1
    32                           	psect	bank12,global,class=BANK12,space=1,delta=1
    33                           	psect	bank13,global,class=BANK13,space=1,delta=1
    34                           	psect	bank14,global,class=BANK14,space=1,delta=1
    35                           	psect	bank15,global,class=BANK15,space=1,delta=1
    36                           	psect	bank16,global,class=BANK16,space=1,delta=1
    37                           	psect	bank17,global,class=BANK17,space=1,delta=1
    38                           	psect	bank18,global,class=BANK18,space=1,delta=1
    39                           	psect	bank19,global,class=BANK19,space=1,delta=1
    40                           	psect	bank20,global,class=BANK20,space=1,delta=1
    41                           	psect	bank21,global,class=BANK21,space=1,delta=1
    42                           	psect	bank22,global,class=BANK22,space=1,delta=1
    43                           	psect	bank23,global,class=BANK23,space=1,delta=1
    44                           	psect	bank24,global,class=BANK24,space=1,delta=1
    45                           	psect	bank25,global,class=BANK25,space=1,delta=1
    46                           	psect	bank26,global,class=BANK26,space=1,delta=1
    47                           	psect	bank27,global,class=BANK27,space=1,delta=1
    48                           	psect	bank28,global,class=BANK28,space=1,delta=1
    49                           	psect	bank29,global,class=BANK29,space=1,delta=1
    50                           	psect	bank30,global,class=BANK30,space=1,delta=1
    51                           	psect	bank31,global,class=BANK31,space=1,delta=1
    52                           	psect	bigram,global,class=BIGRAM,space=1,delta=1
    53                           	psect	ram,global,class=RAM,space=1,delta=1
    54                           	psect	abs1,global,class=ABS1,space=1,delta=1
    55                           	psect	sfr0,global,class=SFR0,space=1,delta=1
    56                           	psect	sfr1,global,class=SFR1,space=1,delta=1
    57                           	psect	sfr2,global,class=SFR2,space=1,delta=1
    58                           	psect	sfr3,global,class=SFR3,space=1,delta=1
    59                           	psect	sfr4,global,class=SFR4,space=1,delta=1
    60                           	psect	sfr5,global,class=SFR5,space=1,delta=1
    61                           	psect	sfr6,global,class=SFR6,space=1,delta=1
    62                           	psect	sfr7,global,class=SFR7,space=1,delta=1
    63                           	psect	sfr8,global,class=SFR8,space=1,delta=1
    64                           	psect	sfr9,global,class=SFR9,space=1,delta=1
    65                           	psect	sfr10,global,class=SFR10,space=1,delta=1
    66                           	psect	sfr11,global,class=SFR11,space=1,delta=1
    67                           	psect	sfr12,global,class=SFR12,space=1,delta=1
    68                           	psect	sfr13,global,class=SFR13,space=1,delta=1
    69                           	psect	sfr14,global,class=SFR14,space=1,delta=1
    70                           	psect	sfr15,global,class=SFR15,space=1,delta=1
    71                           	psect	sfr16,global,class=SFR16,space=1,delta=1
    72                           	psect	sfr17,global,class=SFR17,space=1,delta=1
    73                           	psect	sfr18,global,class=SFR18,space=1,delta=1
    74                           	psect	sfr19,global,class=SFR19,space=1,delta=1
    75                           	psect	sfr20,global,class=SFR20,space=1,delta=1
    76                           	psect	sfr21,global,class=SFR21,space=1,delta=1
    77                           	psect	sfr22,global,class=SFR22,space=1,delta=1
    78                           	psect	sfr23,global,class=SFR23,space=1,delta=1
    79                           	psect	sfr24,global,class=SFR24,space=1,delta=1
    80                           	psect	sfr25,global,class=SFR25,space=1,delta=1
    81                           	psect	sfr26,global,class=SFR26,space=1,delta=1
    82                           	psect	sfr27,global,class=SFR27,space=1,delta=1
    83                           	psect	sfr28,global,class=SFR28,space=1,delta=1
    84                           	psect	sfr29,global,class=SFR29,space=1,delta=1
    85                           	psect	sfr30,global,class=SFR30,space=1,delta=1
    86                           	psect	sfr31,global,class=SFR31,space=1,delta=1
    87                           
    88                           	psect	reset_vec
    89     0000                     reset_vec:
    90     0000  0000               	nop	; NOP inserted due to debugger requirements
    91                           
    92                           ; No powerup routine
    93                           ; jump to start
    94     0001  3180  2819         	ljmp	start
    95                           
    96                           	psect	maintext
    97                           
    98                           ; Microchip MPLAB XC8 C Compiler V2.50
    99                           ; Copyright (C) 2024 Microchip Technology Inc.
   100                           ; Auto-generated runtime startup code for final link stage.
   101                           ;
   102                           ; Compiler options:
   103                           ;
   104                           ; -q --opt=none --chip=16f1778 \
   105                           ; -Mdist/default/debug/led-dimming-unit.X.debug.map -D__DEBUG=1 \
   106                           ; --debugger=pickit4 -DXPRJ_default=default -L--defsym=__MPLAB_BUILD=1 \
   107                           ; --dfp=C:/Program Files/Microchip/MPLABX/v6.25/packs/Microchip/PIC12-16F1xxx_DFP/1.7.242/xc8 \
   108                           ; --summary=+xml --summarydir=dist/default/debug/memoryfile.xml \
   109                           ; -oled-dimming-unit.X.debug.elf --objdir=dist/default/debug \
   110                           ; --outdir=dist/default/debug \
   111                           ; build/default/debug/mcc_generated_files/adc/src/adc.p1 \
   112                           ; build/default/debug/mcc_generated_files/pwm/src/pwm4.p1 \
   113                           ; build/default/debug/mcc_generated_files/pwm/src/pwm3.p1 \
   114                           ; build/default/debug/mcc_generated_files/pwm/src/ccp7.p1 \
   115                           ; build/default/debug/mcc_generated_files/pwm/src/ccp2.p1 \
   116                           ; build/default/debug/mcc_generated_files/pwm/src/ccp1.p1 \
   117                           ; build/default/debug/mcc_generated_files/system/src/clock.p1 \
   118                           ; build/default/debug/mcc_generated_files/system/src/interrupt.p1 \
   119                           ; build/default/debug/mcc_generated_files/system/src/config_bits.p1 \
   120                           ; build/default/debug/mcc_generated_files/system/src/system.p1 \
   121                           ; build/default/debug/mcc_generated_files/system/src/pins.p1 \
   122                           ; build/default/debug/mcc_generated_files/timer/src/tmr2.p1 \
   123                           ; build/default/debug/main.p1 -L--fixupoverflow=error --std=c99 \
   124                           ; --callgraph=none --warn=-3 --errformat=%f:%l:%c: error: (%n) %s \
   125                           ; --warnformat=%f:%l:%c: warning: (%n) %s \
   126                           ; --msgformat=%f:%l:%c: advisory: (%n) %s
   127                           ;
   128     0000                     C               set	0
   129     0002                     Z               set	2
   130     0002                     PCL             set	2
   131     0000                     INDF            set	0
   132     0003                     STATUS          equ	3
   133     0008                     BSR             equ	8
   134     000A                     PCLATH          equ	10
   135                           
   136                           	psect	functab
   137     0000                     intlevel0:
   138     0000                     intlevel1:
   139     0000                     intlevel2:
   140     0000                     intlevel3:
   141     0000                     intlevel4:
   142     0000                     intlevel5:
   143                           
   144                           	psect	init
   145     0019                     start:
   146                           
   147                           ;Initialize the stack pointer (FSR1)
   148     0006                     fsr1l           equ	6
   149     0007                     fsr1h           equ	7
   150     0000                     ___stacklo      equ	0
   151     0000                     ___stackhi      equ	0
   152                           
   153                           	psect	end_init
   154     0019  3180  281B         	ljmp	start_initialization	;jump to C runtime clear & initialization
   155                           
   156                           	psect	clrtext
   157     0000                     INDF0           set	0
   158     0001                     INDF1           set	1
   159     0002                     PCL             set	2
   160     0003                     STATUS          set	3
   161     0004                     FSR0L           set	4
   162     0005                     FSR0H           set	5
   163     0006                     FSR1L           set	6
   164     0007                     FSR1H           set	7
   165     0008                     BSR             set	8
   166     0009                     WREG            set	9
   167     000A                     PCLATH          set	10
   168     000B                     INTCON          set	11
   169                           
   170                           	psect	stack
   171     0000                     ___sp:
   172     0000                     ___int_sp:
   173     0000                     ___stack_lo:
   174     0000                     ___stack_hi:
   175     0000                     ___int_stack_lo:
   176     0000                     ___int_stack_hi:
   177                           
   178                           	psect	heap
   179                           
   180                           ; No heap to be allocated
   181     0000                     ___heap_lo      equ	0
   182     0000                     ___heap_hi      equ	0


Microchip Technology PIC Macro Assembler V2.50 build 20240725155939 
Symbol Table                                                                                               Mon Mar 16 17:03:45 2026

               ___sp 0000                 _main 0021                 start 0019           ___stack_hi 0000  
         ___stack_lo 0000       ___int_stack_hi 0000       ___int_stack_lo 0000  start_initialization 001B  
          ___heap_hi 0000            ___heap_lo 0000            ___stackhi 0000            ___stacklo 0000  
           ___int_sp 0000             intlevel0 0000             intlevel1 0000             intlevel2 0000  
           intlevel3 0000             intlevel4 0000             intlevel5 0000             reset_vec 0000  
